<?xml version="1.0" encoding="UTF-8"?>
<testsuites>
  <testsuite name="CodeIgniter Application Test Suite" tests="4" assertions="4" errors="0" failures="0" skipped="0" time="0.092991">
    <testsuite name="Welcome_test" file="/Applications/XAMPP/xamppfiles/htdocs/codeigniter-skeleton/application/tests/controllers/Welcome_test.php" tests="3" assertions="3" errors="0" failures="0" skipped="0" time="0.074701">
      <testcase name="test_index" class="Welcome_test" classname="Welcome_test" file="/Applications/XAMPP/xamppfiles/htdocs/codeigniter-skeleton/application/tests/controllers/Welcome_test.php" line="13" assertions="1" time="0.041057"/>
      <testcase name="test_method_404" class="Welcome_test" classname="Welcome_test" file="/Applications/XAMPP/xamppfiles/htdocs/codeigniter-skeleton/application/tests/controllers/Welcome_test.php" line="19" assertions="1" time="0.023195"/>
      <testcase name="test_APPPATH" class="Welcome_test" classname="Welcome_test" file="/Applications/XAMPP/xamppfiles/htdocs/codeigniter-skeleton/application/tests/controllers/Welcome_test.php" line="25" assertions="1" time="0.010449"/>
    </testsuite>
    <testsuite name="User_model_test" file="/Applications/XAMPP/xamppfiles/htdocs/codeigniter-skeleton/application/tests/models/User_model_test.php" tests="1" assertions="1" errors="0" failures="0" skipped="0" time="0.018290">
      <testcase name="test_login" class="User_model_test" classname="User_model_test" file="/Applications/XAMPP/xamppfiles/htdocs/codeigniter-skeleton/application/tests/models/User_model_test.php" line="11" assertions="1" time="0.018290"/>
    </testsuite>
  </testsuite>
</testsuites>
